This is pdfTeX, Version 3.1415926-2.5-1.40.14 (TeX Live 2013/Debian) (format=pdflatex 2015.3.28)  9 SEP 2015 16:23
entering extended mode
 restricted \write18 enabled.
 %&-line parsing enabled.
**interpolationComparison.tex
(./interpolationComparison.tex
LaTeX2e <2011/06/27>
Babel <3.9h> and hyphenation patterns for 5 languages loaded.
(/usr/share/texlive/texmf-dist/tex/latex/base/article.cls
Document Class: article 2007/10/19 v1.4h Standard LaTeX document class
(/usr/share/texlive/texmf-dist/tex/latex/base/size12.clo
File: size12.clo 2007/10/19 v1.4h Standard LaTeX file (size option)
)
\c@part=\count79
\c@section=\count80
\c@subsection=\count81
\c@subsubsection=\count82
\c@paragraph=\count83
\c@subparagraph=\count84
\c@figure=\count85
\c@table=\count86
\abovecaptionskip=\skip41
\belowcaptionskip=\skip42
\bibindent=\dimen102
)
(/usr/share/texlive/texmf-dist/tex/latex/geometry/geometry.sty
Package: geometry 2010/09/12 v5.6 Page Geometry

(/usr/share/texlive/texmf-dist/tex/latex/graphics/keyval.sty
Package: keyval 1999/03/16 v1.13 key=value parser (DPC)
\KV@toks@=\toks14
)
(/usr/share/texlive/texmf-dist/tex/generic/oberdiek/ifpdf.sty
Package: ifpdf 2011/01/30 v2.3 Provides the ifpdf switch (HO)
Package ifpdf Info: pdfTeX in PDF mode is detected.
)
(/usr/share/texlive/texmf-dist/tex/generic/oberdiek/ifvtex.sty
Package: ifvtex 2010/03/01 v1.5 Detect VTeX and its facilities (HO)
Package ifvtex Info: VTeX not detected.
)
(/usr/share/texlive/texmf-dist/tex/generic/ifxetex/ifxetex.sty
Package: ifxetex 2010/09/12 v0.6 Provides ifxetex conditional
)
\Gm@cnth=\count87
\Gm@cntv=\count88
\c@Gm@tempcnt=\count89
\Gm@bindingoffset=\dimen103
\Gm@wd@mp=\dimen104
\Gm@odd@mp=\dimen105
\Gm@even@mp=\dimen106
\Gm@layoutwidth=\dimen107
\Gm@layoutheight=\dimen108
\Gm@layouthoffset=\dimen109
\Gm@layoutvoffset=\dimen110
\Gm@dimlist=\toks15
)
(/usr/share/texlive/texmf-dist/tex/latex/graphics/graphicx.sty
Package: graphicx 1999/02/16 v1.0f Enhanced LaTeX Graphics (DPC,SPQR)

(/usr/share/texlive/texmf-dist/tex/latex/graphics/graphics.sty
Package: graphics 2009/02/05 v1.0o Standard LaTeX Graphics (DPC,SPQR)

(/usr/share/texlive/texmf-dist/tex/latex/graphics/trig.sty
Package: trig 1999/03/16 v1.09 sin cos tan (DPC)
)
(/usr/share/texlive/texmf-dist/tex/latex/latexconfig/graphics.cfg
File: graphics.cfg 2010/04/23 v1.9 graphics configuration of TeX Live
)
Package graphics Info: Driver file: pdftex.def on input line 91.

(/usr/share/texlive/texmf-dist/tex/latex/pdftex-def/pdftex.def
File: pdftex.def 2011/05/27 v0.06d Graphics/color for pdfTeX

(/usr/share/texlive/texmf-dist/tex/generic/oberdiek/infwarerr.sty
Package: infwarerr 2010/04/08 v1.3 Providing info/warning/error messages (HO)
)
(/usr/share/texlive/texmf-dist/tex/generic/oberdiek/ltxcmds.sty
Package: ltxcmds 2011/11/09 v1.22 LaTeX kernel commands for general use (HO)
)
\Gread@gobject=\count90
))
\Gin@req@height=\dimen111
\Gin@req@width=\dimen112
)
(/usr/share/texlive/texmf-dist/tex/latex/caption/caption.sty
Package: caption 2013/05/02 v3.3-89 Customizing captions (AR)

(/usr/share/texlive/texmf-dist/tex/latex/caption/caption3.sty
Package: caption3 2013/05/02 v1.6-88 caption3 kernel (AR)
Package caption3 Info: TeX engine: e-TeX on input line 57.
\captionmargin=\dimen113
\captionmargin@=\dimen114
\captionwidth=\dimen115
\caption@tempdima=\dimen116
\caption@indent=\dimen117
\caption@parindent=\dimen118
\caption@hangindent=\dimen119
)
\c@ContinuedFloat=\count91
)
(/usr/share/texlive/texmf-dist/tex/latex/caption/subcaption.sty
Package: subcaption 2013/02/03 v1.1-62 Sub-captions (AR)
\c@subfigure=\count92
\c@subtable=\count93
)
(/usr/share/texlive/texmf-dist/tex/latex/placeins/placeins.sty
Package: placeins 2005/04/18  v 2.2
)
(/usr/share/texlive/texmf-dist/tex/latex/amsmath/amsmath.sty
Package: amsmath 2013/01/14 v2.14 AMS math features
\@mathmargin=\skip43

For additional information on amsmath, use the `?' option.
(/usr/share/texlive/texmf-dist/tex/latex/amsmath/amstext.sty
Package: amstext 2000/06/29 v2.01

(/usr/share/texlive/texmf-dist/tex/latex/amsmath/amsgen.sty
File: amsgen.sty 1999/11/30 v2.0
\@emptytoks=\toks16
\ex@=\dimen120
))
(/usr/share/texlive/texmf-dist/tex/latex/amsmath/amsbsy.sty
Package: amsbsy 1999/11/29 v1.2d
\pmbraise@=\dimen121
)
(/usr/share/texlive/texmf-dist/tex/latex/amsmath/amsopn.sty
Package: amsopn 1999/12/14 v2.01 operator names
)
\inf@bad=\count94
LaTeX Info: Redefining \frac on input line 210.
\uproot@=\count95
\leftroot@=\count96
LaTeX Info: Redefining \overline on input line 306.
\classnum@=\count97
\DOTSCASE@=\count98
LaTeX Info: Redefining \ldots on input line 378.
LaTeX Info: Redefining \dots on input line 381.
LaTeX Info: Redefining \cdots on input line 466.
\Mathstrutbox@=\box26
\strutbox@=\box27
\big@size=\dimen122
LaTeX Font Info:    Redeclaring font encoding OML on input line 566.
LaTeX Font Info:    Redeclaring font encoding OMS on input line 567.
\macc@depth=\count99
\c@MaxMatrixCols=\count100
\dotsspace@=\muskip10
\c@parentequation=\count101
\dspbrk@lvl=\count102
\tag@help=\toks17
\row@=\count103
\column@=\count104
\maxfields@=\count105
\andhelp@=\toks18
\eqnshift@=\dimen123
\alignsep@=\dimen124
\tagshift@=\dimen125
\tagwidth@=\dimen126
\totwidth@=\dimen127
\lineht@=\dimen128
\@envbody=\toks19
\multlinegap=\skip44
\multlinetaggap=\skip45
\mathdisplay@stack=\toks20
LaTeX Info: Redefining \[ on input line 2665.
LaTeX Info: Redefining \] on input line 2666.
)
(./interpolationComparison.aux)
\openout1 = `interpolationComparison.aux'.

LaTeX Font Info:    Checking defaults for OML/cmm/m/it on input line 14.
LaTeX Font Info:    ... okay on input line 14.
LaTeX Font Info:    Checking defaults for T1/cmr/m/n on input line 14.
LaTeX Font Info:    ... okay on input line 14.
LaTeX Font Info:    Checking defaults for OT1/cmr/m/n on input line 14.
LaTeX Font Info:    ... okay on input line 14.
LaTeX Font Info:    Checking defaults for OMS/cmsy/m/n on input line 14.
LaTeX Font Info:    ... okay on input line 14.
LaTeX Font Info:    Checking defaults for OMX/cmex/m/n on input line 14.
LaTeX Font Info:    ... okay on input line 14.
LaTeX Font Info:    Checking defaults for U/cmr/m/n on input line 14.
LaTeX Font Info:    ... okay on input line 14.

*geometry* driver: auto-detecting
*geometry* detected driver: pdftex
*geometry* verbose mode - [ preamble ] result:
* driver: pdftex
* paper: a4paper
* layout: <same size as paper>
* layoutoffset:(h,v)=(0.0pt,0.0pt)
* bindingoffset: 14.45377pt
* modes: 
* h-part:(L,W,R)=(71.13188pt, 440.79034pt, 71.13188pt)
* v-part:(T,H,B)=(42.67912pt, 759.6886pt, 42.67912pt)
* \paperwidth=597.50787pt
* \paperheight=845.04684pt
* \textwidth=440.79034pt
* \textheight=759.6886pt
* \oddsidemargin=13.31566pt
* \evensidemargin=-1.1381pt
* \topmargin=-66.59087pt
* \headheight=12.0pt
* \headsep=25.0pt
* \topskip=12.0pt
* \footskip=18.06749pt
* \marginparwidth=44.0pt
* \marginparsep=10.0pt
* \columnsep=10.0pt
* \skip\footins=10.8pt plus 4.0pt minus 2.0pt
* \hoffset=0.0pt
* \voffset=0.0pt
* \mag=1000
* \@twocolumnfalse
* \@twosidefalse
* \@mparswitchfalse
* \@reversemarginfalse
* (1in=72.27pt=25.4mm, 1cm=28.453pt)

(/usr/share/texlive/texmf-dist/tex/context/base/supp-pdf.mkii
[Loading MPS to PDF converter (version 2006.09.02).]
\scratchcounter=\count106
\scratchdimen=\dimen129
\scratchbox=\box28
\nofMPsegments=\count107
\nofMParguments=\count108
\everyMPshowfont=\toks21
\MPscratchCnt=\count109
\MPscratchDim=\dimen130
\MPnumerator=\count110
\makeMPintoPDFobject=\count111
\everyMPtoPDFconversion=\toks22
) (/usr/share/texlive/texmf-dist/tex/generic/oberdiek/pdftexcmds.sty
Package: pdftexcmds 2011/11/29 v0.20 Utility functions of pdfTeX for LuaTeX (HO
)

(/usr/share/texlive/texmf-dist/tex/generic/oberdiek/ifluatex.sty
Package: ifluatex 2010/03/01 v1.3 Provides the ifluatex switch (HO)
Package ifluatex Info: LuaTeX not detected.
)
Package pdftexcmds Info: LuaTeX not detected.
Package pdftexcmds Info: \pdf@primitive is available.
Package pdftexcmds Info: \pdf@ifprimitive is available.
Package pdftexcmds Info: \pdfdraftmode found.
)
(/usr/share/texlive/texmf-dist/tex/latex/oberdiek/epstopdf-base.sty
Package: epstopdf-base 2010/02/09 v2.5 Base part for package epstopdf

(/usr/share/texlive/texmf-dist/tex/latex/oberdiek/grfext.sty
Package: grfext 2010/08/19 v1.1 Manage graphics extensions (HO)

(/usr/share/texlive/texmf-dist/tex/generic/oberdiek/kvdefinekeys.sty
Package: kvdefinekeys 2011/04/07 v1.3 Define keys (HO)
))
(/usr/share/texlive/texmf-dist/tex/latex/oberdiek/kvoptions.sty
Package: kvoptions 2011/06/30 v3.11 Key value format for package options (HO)

(/usr/share/texlive/texmf-dist/tex/generic/oberdiek/kvsetkeys.sty
Package: kvsetkeys 2012/04/25 v1.16 Key value parser (HO)

(/usr/share/texlive/texmf-dist/tex/generic/oberdiek/etexcmds.sty
Package: etexcmds 2011/02/16 v1.5 Avoid name clashes with e-TeX commands (HO)
Package etexcmds Info: Could not find \expanded.
(etexcmds)             That can mean that you are not using pdfTeX 1.50 or
(etexcmds)             that some package has redefined \expanded.
(etexcmds)             In the latter case, load this package earlier.
)))
Package grfext Info: Graphics extension search list:
(grfext)             [.png,.pdf,.jpg,.mps,.jpeg,.jbig2,.jb2,.PNG,.PDF,.JPG,.JPE
G,.JBIG2,.JB2,.eps]
(grfext)             \AppendGraphicsExtensions on input line 452.

(/usr/share/texlive/texmf-dist/tex/latex/latexconfig/epstopdf-sys.cfg
File: epstopdf-sys.cfg 2010/07/13 v1.3 Configuration of (r)epstopdf for TeX Liv
e
))
Package caption Info: Begin \AtBeginDocument code.
Package caption Info: End \AtBeginDocument code.

<NormalCompareacRKFE.jpg, id=1, 1861.95625pt x 1004.75375pt>
File: NormalCompareacRKFE.jpg Graphic file (type jpg)

<use NormalCompareacRKFE.jpg>
Package pdftex.def Info: NormalCompareacRKFE.jpg used on input line 24.
(pdftex.def)             Requested size: 465.48793pt x 251.18782pt.

Overfull \hbox (24.69759pt too wide) in paragraph at lines 24--25
 [][] 
 []


Underfull \hbox (badness 10000) in paragraph at lines 31--32

 []

<interPolatedCompareacRKFE.jpg, id=2, 1861.95625pt x 1004.75375pt>
File: interPolatedCompareacRKFE.jpg Graphic file (type jpg)

<use interPolatedCompareacRKFE.jpg>
Package pdftex.def Info: interPolatedCompareacRKFE.jpg used on input line 42.
(pdftex.def)             Requested size: 465.48793pt x 251.18782pt.

Overfull \hbox (24.69759pt too wide) in paragraph at lines 42--43
 [][] 
 []

[1

{/var/lib/texmf/fonts/map/pdftex/updmap/pdftex.map} <./NormalCompareacRKFE.jpg>
] <S0_0007_before.jpg, id=12, 1204.5pt x 904.37875pt>
File: S0_0007_before.jpg Graphic file (type jpg)

<use S0_0007_before.jpg>
Package pdftex.def Info: S0_0007_before.jpg used on input line 55.
(pdftex.def)             Requested size: 264.99081pt x 198.96394pt.

Overfull \hbox (153.7909pt too wide) in paragraph at lines 55--56
[]|  [] 
 []

<S0_0007_after.jpg, id=13, 1204.5pt x 904.37875pt>
File: S0_0007_after.jpg Graphic file (type jpg)
 <use S0_0007_after.jpg>
Package pdftex.def Info: S0_0007_after.jpg used on input line 60.
(pdftex.def)             Requested size: 264.99081pt x 198.96394pt.

Overfull \hbox (34.38295pt too wide) in paragraph at lines 60--61
[]|  [] 
 []

<S0_0012_before.jpg, id=14, 1204.5pt x 904.37875pt>
File: S0_0012_before.jpg Graphic file (type jpg)
 <use S0_0012_before.jpg>
Package pdftex.def Info: S0_0012_before.jpg used on input line 70.
(pdftex.def)             Requested size: 264.99081pt x 198.96394pt.

Overfull \hbox (153.7909pt too wide) in paragraph at lines 70--71
[]|  [] 
 []

<S0_0012_after.jpg, id=15, 1204.5pt x 904.37875pt>
File: S0_0012_after.jpg Graphic file (type jpg)
 <use S0_0012_after.jpg>
Package pdftex.def Info: S0_0012_after.jpg used on input line 75.
(pdftex.def)             Requested size: 264.99081pt x 198.96394pt.

Overfull \hbox (34.38295pt too wide) in paragraph at lines 75--76
[]|  [] 
 []


LaTeX Warning: `h' float specifier changed to `ht'.

<S0_0013_before.jpg, id=16, 1204.5pt x 904.37875pt>
File: S0_0013_before.jpg Graphic file (type jpg)
 <use S0_0013_before.jpg>
Package pdftex.def Info: S0_0013_before.jpg used on input line 85.
(pdftex.def)             Requested size: 264.99081pt x 198.96394pt.

Overfull \hbox (153.7909pt too wide) in paragraph at lines 85--86
[]|  [] 
 []

<S0_0013_after.jpg, id=17, 1204.5pt x 904.37875pt>
File: S0_0013_after.jpg Graphic file (type jpg)
 <use S0_0013_after.jpg>
Package pdftex.def Info: S0_0013_after.jpg used on input line 90.
(pdftex.def)             Requested size: 264.99081pt x 198.96394pt.

Overfull \hbox (34.38295pt too wide) in paragraph at lines 90--91
[]|  [] 
 []


LaTeX Warning: `h' float specifier changed to `ht'.

<S0_0015_before.jpg, id=18, 1204.5pt x 904.37875pt>
File: S0_0015_before.jpg Graphic file (type jpg)
 <use S0_0015_before.jpg>
Package pdftex.def Info: S0_0015_before.jpg used on input line 100.
(pdftex.def)             Requested size: 264.99081pt x 198.96394pt.

Overfull \hbox (153.7909pt too wide) in paragraph at lines 100--101
[]|  [] 
 []

<S0_0015_after.jpg, id=19, 1204.5pt x 904.37875pt>
File: S0_0015_after.jpg Graphic file (type jpg)
 <use S0_0015_after.jpg>
Package pdftex.def Info: S0_0015_after.jpg used on input line 105.
(pdftex.def)             Requested size: 264.99081pt x 198.96394pt.

Overfull \hbox (34.38295pt too wide) in paragraph at lines 105--106
[]|  [] 
 []


LaTeX Warning: `h' float specifier changed to `ht'.

<S0_0016_before.jpg, id=20, 1204.5pt x 904.37875pt>
File: S0_0016_before.jpg Graphic file (type jpg)
 <use S0_0016_before.jpg>
Package pdftex.def Info: S0_0016_before.jpg used on input line 115.
(pdftex.def)             Requested size: 264.99081pt x 198.96394pt.

Overfull \hbox (153.7909pt too wide) in paragraph at lines 115--116
[]|  [] 
 []

<S0_0016_after.jpg, id=21, 1204.5pt x 904.37875pt>
File: S0_0016_after.jpg Graphic file (type jpg)
 <use S0_0016_after.jpg>
Package pdftex.def Info: S0_0016_after.jpg used on input line 120.
(pdftex.def)             Requested size: 264.99081pt x 198.96394pt.

Overfull \hbox (34.38295pt too wide) in paragraph at lines 120--121
[]|  [] 
 []


LaTeX Warning: `h' float specifier changed to `ht'.

<S0_0017_before.jpg, id=22, 1204.5pt x 904.37875pt>
File: S0_0017_before.jpg Graphic file (type jpg)
 <use S0_0017_before.jpg>
Package pdftex.def Info: S0_0017_before.jpg used on input line 130.
(pdftex.def)             Requested size: 264.99081pt x 198.96394pt.

Overfull \hbox (153.7909pt too wide) in paragraph at lines 130--131
[]|  [] 
 []

<S0_0017_after.jpg, id=23, 1204.5pt x 904.37875pt>
File: S0_0017_after.jpg Graphic file (type jpg)
 <use S0_0017_after.jpg>
Package pdftex.def Info: S0_0017_after.jpg used on input line 135.
(pdftex.def)             Requested size: 264.99081pt x 198.96394pt.

Overfull \hbox (34.38295pt too wide) in paragraph at lines 135--136
[]|  [] 
 []


LaTeX Warning: `h' float specifier changed to `ht'.

[2 <./interPolatedCompareacRKFE.jpg> <./S0_0007_before.jpg> <./S0_0007_after.jp
g>] [3 <./S0_0012_before.jpg> <./S0_0012_after.jpg> <./S0_0013_before.jpg> <./S
0_0013_after.jpg> <./S0_0015_before.jpg> <./S0_0015_after.jpg>] [4 <./S0_0016_b
efore.jpg> <./S0_0016_after.jpg> <./S0_0017_before.jpg> <./S0_0017_after.jpg>]
<S0_0007_before_acmrkfe.jpg, id=34, 1204.5pt x 904.37875pt>
File: S0_0007_before_acmrkfe.jpg Graphic file (type jpg)

<use S0_0007_before_acmrkfe.jpg>
Package pdftex.def Info: S0_0007_before_acmrkfe.jpg used on input line 148.
(pdftex.def)             Requested size: 264.99081pt x 198.96394pt.

Overfull \hbox (153.7909pt too wide) in paragraph at lines 148--149
[]|  [] 
 []

<S0_0007_after_acmrkfe.jpg, id=35, 1204.5pt x 904.37875pt>
File: S0_0007_after_acmrkfe.jpg Graphic file (type jpg)

<use S0_0007_after_acmrkfe.jpg>
Package pdftex.def Info: S0_0007_after_acmrkfe.jpg used on input line 153.
(pdftex.def)             Requested size: 264.99081pt x 198.96394pt.

Overfull \hbox (34.38295pt too wide) in paragraph at lines 153--154
[]|  [] 
 []

<S0_0012_before_acmrkfe.jpg, id=36, 1204.5pt x 904.37875pt>
File: S0_0012_before_acmrkfe.jpg Graphic file (type jpg)

<use S0_0012_before_acmrkfe.jpg>
Package pdftex.def Info: S0_0012_before_acmrkfe.jpg used on input line 163.
(pdftex.def)             Requested size: 264.99081pt x 198.96394pt.

Overfull \hbox (153.7909pt too wide) in paragraph at lines 163--164
[]|  [] 
 []

<S0_0012_after_acmrkfe.jpg, id=37, 1204.5pt x 904.37875pt>
File: S0_0012_after_acmrkfe.jpg Graphic file (type jpg)

<use S0_0012_after_acmrkfe.jpg>
Package pdftex.def Info: S0_0012_after_acmrkfe.jpg used on input line 168.
(pdftex.def)             Requested size: 264.99081pt x 198.96394pt.

Overfull \hbox (34.38295pt too wide) in paragraph at lines 168--169
[]|  [] 
 []

<S0_0013_before_acmrkfe.jpg, id=38, 1204.5pt x 904.37875pt>
File: S0_0013_before_acmrkfe.jpg Graphic file (type jpg)

<use S0_0013_before_acmrkfe.jpg>
Package pdftex.def Info: S0_0013_before_acmrkfe.jpg used on input line 178.
(pdftex.def)             Requested size: 264.99081pt x 198.96394pt.

Overfull \hbox (153.7909pt too wide) in paragraph at lines 178--179
[]|  [] 
 []

<S0_0013_after_acmrkfe.jpg, id=39, 1204.5pt x 904.37875pt>
File: S0_0013_after_acmrkfe.jpg Graphic file (type jpg)

<use S0_0013_after_acmrkfe.jpg>
Package pdftex.def Info: S0_0013_after_acmrkfe.jpg used on input line 183.
(pdftex.def)             Requested size: 264.99081pt x 198.96394pt.

Overfull \hbox (34.38295pt too wide) in paragraph at lines 183--184
[]|  [] 
 []


LaTeX Warning: `h' float specifier changed to `ht'.

<S0_0015_before_acmrkfe.jpg, id=40, 1204.5pt x 904.37875pt>
File: S0_0015_before_acmrkfe.jpg Graphic file (type jpg)

<use S0_0015_before_acmrkfe.jpg>
Package pdftex.def Info: S0_0015_before_acmrkfe.jpg used on input line 193.
(pdftex.def)             Requested size: 264.99081pt x 198.96394pt.

Overfull \hbox (153.7909pt too wide) in paragraph at lines 193--194
[]|  [] 
 []

<S0_0015_after_acmrkfe.jpg, id=41, 1204.5pt x 904.37875pt>
File: S0_0015_after_acmrkfe.jpg Graphic file (type jpg)

<use S0_0015_after_acmrkfe.jpg>
Package pdftex.def Info: S0_0015_after_acmrkfe.jpg used on input line 198.
(pdftex.def)             Requested size: 264.99081pt x 198.96394pt.

Overfull \hbox (34.38295pt too wide) in paragraph at lines 198--199
[]|  [] 
 []


LaTeX Warning: `h' float specifier changed to `ht'.

<S0_0016_before_acmrkfe.jpg, id=42, 1204.5pt x 904.37875pt>
File: S0_0016_before_acmrkfe.jpg Graphic file (type jpg)

<use S0_0016_before_acmrkfe.jpg>
Package pdftex.def Info: S0_0016_before_acmrkfe.jpg used on input line 208.
(pdftex.def)             Requested size: 264.99081pt x 198.96394pt.

Overfull \hbox (153.7909pt too wide) in paragraph at lines 208--209
[]|  [] 
 []

<S0_0016_after_acmrkfe.jpg, id=43, 1204.5pt x 904.37875pt>
File: S0_0016_after_acmrkfe.jpg Graphic file (type jpg)

<use S0_0016_after_acmrkfe.jpg>
Package pdftex.def Info: S0_0016_after_acmrkfe.jpg used on input line 213.
(pdftex.def)             Requested size: 264.99081pt x 198.96394pt.

Overfull \hbox (34.38295pt too wide) in paragraph at lines 213--214
[]|  [] 
 []


LaTeX Warning: `h' float specifier changed to `ht'.

<S0_0017_before_acmrkfe.jpg, id=44, 1204.5pt x 904.37875pt>
File: S0_0017_before_acmrkfe.jpg Graphic file (type jpg)

<use S0_0017_before_acmrkfe.jpg>
Package pdftex.def Info: S0_0017_before_acmrkfe.jpg used on input line 223.
(pdftex.def)             Requested size: 264.99081pt x 198.96394pt.

Overfull \hbox (153.7909pt too wide) in paragraph at lines 223--224
[]|  [] 
 []

<S0_0017_after_acmrkfe.jpg, id=45, 1204.5pt x 904.37875pt>
File: S0_0017_after_acmrkfe.jpg Graphic file (type jpg)

<use S0_0017_after_acmrkfe.jpg>
Package pdftex.def Info: S0_0017_after_acmrkfe.jpg used on input line 228.
(pdftex.def)             Requested size: 264.99081pt x 198.96394pt.

Overfull \hbox (34.38295pt too wide) in paragraph at lines 228--229
[]|  [] 
 []


LaTeX Warning: `h' float specifier changed to `ht'.

No file interpolationComparison.bbl.
[5

 <./S0_0007_before_acmrkfe.jpg> <./S0_0007_after_acmrkfe.jpg> <./S0_0012_before
_acmrkfe.jpg> <./S0_0012_after_acmrkfe.jpg>] [6 <./S0_0013_before_acmrkfe.jpg> 
<./S0_0013_after_acmrkfe.jpg> <./S0_0015_before_acmrkfe.jpg> <./S0_0015_after_a
cmrkfe.jpg> <./S0_0016_before_acmrkfe.jpg> <./S0_0016_after_acmrkfe.jpg>]
[7 <./S0_0017_before_acmrkfe.jpg> <./S0_0017_after_acmrkfe.jpg>]
(./interpolationComparison.aux) ) 
Here is how much of TeX's memory you used:
 3816 strings out of 494976
 58654 string characters out of 6180006
 124464 words of memory out of 5000000
 6979 multiletter control sequences out of 15000+600000
 10095 words of font info for 37 fonts, out of 8000000 for 9000
 36 hyphenation exceptions out of 8191
 38i,9n,38p,289b,429s stack positions out of 5000i,500n,10000p,200000b,80000s
</usr/share/texlive/texmf-dist/fonts/type1/pub
lic/amsfonts/cm/cmbx12.pfb></usr/share/texlive/texmf-dist/fonts/type1/public/am
sfonts/cm/cmex10.pfb></usr/share/texlive/texmf-dist/fonts/type1/public/amsfonts
/cm/cmmi12.pfb></usr/share/texlive/texmf-dist/fonts/type1/public/amsfonts/cm/cm
mi8.pfb></usr/share/texlive/texmf-dist/fonts/type1/public/amsfonts/cm/cmr10.pfb
></usr/share/texlive/texmf-dist/fonts/type1/public/amsfonts/cm/cmr12.pfb></usr/
share/texlive/texmf-dist/fonts/type1/public/amsfonts/cm/cmr17.pfb></usr/share/t
exlive/texmf-dist/fonts/type1/public/amsfonts/cm/cmr8.pfb></usr/share/texlive/t
exmf-dist/fonts/type1/public/amsfonts/cm/cmtt12.pfb>
Output written on interpolationComparison.pdf (7 pages, 3168700 bytes).
PDF statistics:
 90 PDF objects out of 1000 (max. 8388607)
 45 compressed objects within 1 object stream
 0 named destinations out of 1000 (max. 500000)
 131 words of extra memory for PDF output out of 10000 (max. 10000000)

